2023-04-18 17:47:31 INFO  Log:19 - **********************************
2023-04-18 17:47:31 INFO  Log:20 - *****************************************
2023-04-18 17:47:31 INFO  Log:21 - ############   This is the beginning of my test case ################
2023-04-18 17:47:31 INFO  Log:22 - **********************************
2023-04-18 17:47:31 INFO  Log:23 - *****************************************
2023-04-18 17:47:31 INFO  Log:40 - My test case is executing right now
2023-04-18 17:47:31 WARN  Log:46 - My test case might have some trivial issue
2023-04-18 17:47:59 INFO  Log:40 - This test case about to get completed
2023-04-18 17:47:59 INFO  Log:29 - ##################################
2023-04-18 17:47:59 INFO  Log:30 - ##########################################
2023-04-18 17:47:59 INFO  Log:31 - ############   This test case is finished ################
2023-04-18 17:47:59 INFO  Log:32 - ##########################
2023-04-18 17:47:59 INFO  Log:33 - ##########################################
2023-04-18 18:59:39 INFO  Log:19 - **********************************
2023-04-18 18:59:39 INFO  Log:20 - *****************************************
2023-04-18 18:59:39 INFO  Log:21 - ****************  This is the beginning of my test case  ******************
2023-04-18 18:59:39 INFO  Log:22 - **********************************
2023-04-18 18:59:39 INFO  Log:23 - *****************************************
2023-04-18 18:59:39 INFO  Log:40 - My test case is executing right now
2023-04-18 18:59:39 WARN  Log:46 - My test case might have some trivial issue
2023-04-18 18:59:48 INFO  Log:40 - This test case about to get completed
2023-04-18 18:59:48 INFO  Log:29 - ##################################
2023-04-18 18:59:48 INFO  Log:30 - ##########################################
2023-04-18 18:59:48 INFO  Log:31 - ############   This test case is finished  ################
2023-04-18 18:59:48 INFO  Log:32 - ##########################
2023-04-18 18:59:48 INFO  Log:33 - ##########################################
2023-04-18 19:19:37 INFO  Log:19 - **********************************
2023-04-18 19:19:37 INFO  Log:20 - *****************************************
2023-04-18 19:19:37 INFO  Log:21 - ****************  This is the beginning of my test case  ******************
2023-04-18 19:19:37 INFO  Log:22 - **********************************
2023-04-18 19:19:37 INFO  Log:23 - *****************************************
2023-04-18 19:19:37 INFO  Log:40 - My test case is executing right now
2023-04-18 19:19:37 WARN  Log:46 - My test case might have some trivial issue
2023-04-18 19:19:46 INFO  Log:40 - This test case about to get completed
2023-04-18 19:19:46 INFO  Log:29 - ##################################
2023-04-18 19:19:46 INFO  Log:30 - ##########################################
2023-04-18 19:19:46 INFO  Log:31 - ############   This test case is finished  ################
2023-04-18 19:19:46 INFO  Log:32 - ##########################
2023-04-18 19:19:46 INFO  Log:33 - ##########################################
